<?xml version="1.0" encoding="UTF-8"?>
<!-- Generated by org.testng.reporters.JUnitReportReporter -->
<testsuite hostname="DESKTOP-84LR872" failures="0" tests="2" name="Org.example.LoginTest" time="11.339" errors="0" timestamp="2024-06-10T02:55:02 EEST" skipped="0">
  <testcase classname="Org.example.LoginTest" name="test01" time="4.896"/>
  <system-out/>
  <testcase classname="Org.example.LoginTest" name="test02" time="6.443"/>
  <system-out/>
</testsuite> <!-- Org.example.LoginTest -->
