<?xml version="1.0" encoding="UTF-8"?>
<!-- Generated by org.testng.reporters.JUnitReportReporter -->
<testsuite hostname="DESKTOP-84LR872" failures="0" tests="1" name="Org.example.Selenium01" time="10.555" errors="0" timestamp="2024-06-12T22:33:15 EEST" skipped="0">
  <testcase classname="Org.example.Selenium01" name="test_SeleniumWorks" time="10.555"/>
  <system-out/>
</testsuite> <!-- Org.example.Selenium01 -->
