<?xml version="1.0" encoding="UTF-8"?>
<!-- Generated by org.testng.reporters.JUnitReportReporter -->
<testsuite hostname="DESKTOP-84LR872" failures="0" tests="2" name="TestNGTopics.TestNGDemoOther" time="0.015" errors="0" timestamp="2024-06-12T19:29:31 EEST" skipped="0">
  <testcase classname="TestNGTopics.TestNGDemoOther" name="test01" time="0.005"/>
  <system-out/>
  <testcase classname="TestNGTopics.TestNGDemoOther" name="test02" time="0.010"/>
  <system-out/>
</testsuite> <!-- TestNGTopics.TestNGDemoOther -->
