<?xml version="1.0" encoding="UTF-8"?>
<!-- Generated by org.testng.reporters.JUnitReportReporter -->
<testsuite hostname="DESKTOP-84LR872" failures="0" tests="1" name="Org.example.SwagExample" time="17.318" errors="0" timestamp="2024-06-12T22:30:24 EEST" skipped="0">
  <testcase classname="Org.example.SwagExample" name="test02" time="17.318"/>
  <system-out/>
</testsuite> <!-- Org.example.SwagExample -->
